<?xml version="1.0" encoding="UTF-8"?>
<!-- Generated by org.testng.reporters.JUnitReportReporter -->
<testsuite hostname="DESKTOP-JRMS1N5" failures="0" tests="1" name="rahulshetty.rahulshetty01" time="30.621" errors="0" timestamp="2023-03-26T19:37:38 IST" skipped="0">
  <testcase classname="rahulshetty.rahulshetty01" name="radiobutton" time="30.621"/>
  <system-out/>
</testsuite> <!-- rahulshetty.rahulshetty01 -->
